<?xml version="1.0" encoding="utf-8"?><testsuites name="pytest tests"><testsuite name="pytest" errors="0" failures="0" skipped="0" tests="10" time="8.074" timestamp="2026-06-08T07:44:40.983800+00:00" hostname="agent-env-35f20804-396e-4af8-97c5-7064c86cab1e"><testcase classname="backend.tests.backend_test" name="test_pets_seeded" time="0.340" /><testcase classname="backend.tests.backend_test" name="test_get_pet_by_id" time="0.053" /><testcase classname="backend.tests.backend_test" name="test_get_pet_404" time="0.047" /><testcase classname="backend.tests.backend_test" name="test_rations_crud" time="0.241" /><testcase classname="backend.tests.backend_test" name="test_appointments_crud" time="0.252" /><testcase classname="backend.tests.backend_test" name="test_files_crud" time="0.218" /><testcase classname="backend.tests.backend_test" name="test_weights_crud" time="0.356" /><testcase classname="backend.tests.backend_test" name="test_journal_crud" time="0.150" /><testcase classname="backend.tests.backend_test" name="test_walks_crud" time="0.151" /><testcase classname="backend.tests.backend_test" name="test_ai_analyze_document" time="6.138" /></testsuite></testsuites>